<?xml version="1.0" encoding="UTF-8"?>
<!-- Generated by org.testng.reporters.JUnitXMLReporter -->
<testsuite ignored="0" hostname="DESKTOP-077G3EM" failures="0" tests="4" name="Default test" time="8.078" errors="0" timestamp="2025-06-28T19:43:55 CST">
  <testcase classname="TestNGG.Alerts" name="Login" time="2.553"/>
  <testcase classname="TestNGG.Alerts" name="Alertee" time="0.135"/>
  <testcase classname="TestNGG.Alerts" name="Confirm" time="2.121"/>
  <testcase classname="TestNGG.Alerts" name="input" time="3.203"/>
</testsuite> <!-- Default test -->
