<?xml version="1.0" encoding="UTF-8"?>
<!-- Generated by org.testng.reporters.JUnitXMLReporter -->
<testsuite ignored="4" hostname="DESKTOP-077G3EM" failures="0" tests="0" time="0.01" errors="0" timestamp="2025-06-28T19:58:46 CST">
  <testcase classname="TestNGG.Alerts" name="input" time="0.0">
    <ignored/>
  </testcase> <!-- input -->
  <testcase classname="TestNGG.Alerts" name="Confirm" time="0.0">
    <ignored/>
  </testcase> <!-- Confirm -->
  <testcase classname="TestNGG.Alerts" name="Alertee" time="0.0">
    <ignored/>
  </testcase> <!-- Alertee -->
  <testcase classname="TestNGG.Alerts" name="Login" time="0.0">
    <ignored/>
  </testcase> <!-- Login -->
</testsuite>
