<?xml version="1.0" encoding="UTF-8"?>
<!-- Generated by org.testng.reporters.JUnitXMLReporter -->
<testsuite ignored="1" hostname="DESKTOP-077G3EM" failures="0" tests="3" name="Alerts" time="5.773" errors="0" timestamp="2025-06-28T20:05:57 CST">
  <testcase classname="TestNGG.Alerts" name="Login" time="2.421"/>
  <testcase classname="TestNGG.Alerts" name="Alertee" time="0.165"/>
  <testcase classname="TestNGG.Alerts" name="input" time="3.125"/>
  <testcase classname="TestNGG.Alerts" name="Confirm" time="0.0">
    <ignored/>
  </testcase> <!-- Confirm -->
</testsuite> <!-- Alerts -->
