<?xml version="1.0" encoding="UTF-8"?>
<testng-results ignored="0" total="3" passed="3" failed="0" skipped="0">
  <reporter-output>
  </reporter-output>
  <suite started-at="2025-06-28T20:05:51 CST" name="Alerts" finished-at="2025-06-28T20:05:57 CST" duration-ms="5773">
    <groups>
      <group name="Sanity">
        <method signature="Alerts.Alertee()[pri:2, instance:TestNGG.Alerts@576d5deb]" name="Alertee" class="TestNGG.Alerts"/>
        <method signature="Alerts.input()[pri:4, instance:TestNGG.Alerts@576d5deb]" name="input" class="TestNGG.Alerts"/>
      </group> <!-- Sanity -->
      <group name="Regression">
        <method signature="Alerts.input()[pri:4, instance:TestNGG.Alerts@576d5deb]" name="input" class="TestNGG.Alerts"/>
      </group> <!-- Regression -->
    </groups>
    <test started-at="2025-06-28T20:05:51 CST" name="Alerts" finished-at="2025-06-28T20:05:57 CST" duration-ms="5773">
      <class name="TestNGG.Alerts">
        <test-method signature="Login()[pri:1, instance:TestNGG.Alerts@576d5deb]" started-at="2025-06-28T20:05:51 CST" name="Login" finished-at="2025-06-28T20:05:54 CST" duration-ms="2421" status="PASS">
          <reporter-output>
          </reporter-output>
        </test-method> <!-- Login -->
        <test-method signature="Alertee()[pri:2, instance:TestNGG.Alerts@576d5deb]" started-at="2025-06-28T20:05:54 CST" name="Alertee" finished-at="2025-06-28T20:05:54 CST" depends-on-methods="TestNGG.Alerts.Login" duration-ms="165" status="PASS">
          <reporter-output>
          </reporter-output>
        </test-method> <!-- Alertee -->
        <test-method signature="input()[pri:4, instance:TestNGG.Alerts@576d5deb]" started-at="2025-06-28T20:05:54 CST" name="input" finished-at="2025-06-28T20:05:57 CST" depends-on-methods="TestNGG.Alerts.Login" duration-ms="3125" status="PASS">
          <reporter-output>
          </reporter-output>
        </test-method> <!-- input -->
      </class> <!-- TestNGG.Alerts -->
    </test> <!-- Alerts -->
  </suite> <!-- Alerts -->
</testng-results>
