<?xml version="1.0" encoding="UTF-8"?>
<testng-results ignored="0" total="2" passed="2" failed="0" skipped="0">
  <reporter-output>
  </reporter-output>
  <suite started-at="2025-06-25T16:05:49 CST" name="Default suite" finished-at="2025-06-25T16:06:25 CST" duration-ms="35702">
    <groups>
    </groups>
    <test started-at="2025-06-25T16:05:49 CST" name="Default test" finished-at="2025-06-25T16:06:25 CST" duration-ms="35702">
      <class name="TestNGG.TakeSS">
        <test-method signature="Take()[pri:0, instance:TestNGG.TakeSS@242b836]" started-at="2025-06-25T16:05:49 CST" name="Take" finished-at="2025-06-25T16:06:09 CST" duration-ms="20572" status="PASS">
          <reporter-output>
          </reporter-output>
        </test-method> <!-- Take -->
        <test-method signature="scroll()[pri:2, instance:TestNGG.TakeSS@242b836]" started-at="2025-06-25T16:06:09 CST" name="scroll" finished-at="2025-06-25T16:06:25 CST" duration-ms="15082" status="PASS">
          <reporter-output>
          </reporter-output>
        </test-method> <!-- scroll -->
      </class> <!-- TestNGG.TakeSS -->
    </test> <!-- Default test -->
  </suite> <!-- Default suite -->
</testng-results>
